<?xml version="1.0" encoding="UTF-8" ?>
<testsuite failures="0" time="6.05" errors="0" skipped="0" tests="1" name="com.englishcentral.app.MainActivityTest">
  <properties>
    <property name="java.runtime.name" value="Java(TM) SE Runtime Environment"/>
    <property name="sun.boot.library.path" value="/System/Library/Java/JavaVirtualMachines/1.6.0.jdk/Contents/Libraries"/>
    <property name="java.vm.version" value="20.8-b03-424"/>
    <property name="awt.nativeDoubleBuffering" value="true"/>
    <property name="gopherProxySet" value="false"/>
    <property name="mrj.build" value="11M3720"/>
    <property name="java.vm.vendor" value="Apple Inc."/>
    <property name="java.vendor.url" value="http://www.apple.com/"/>
    <property name="path.separator" value=":"/>
    <property name="java.vm.name" value="Java HotSpot(TM) 64-Bit Server VM"/>
    <property name="file.encoding.pkg" value="sun.io"/>
    <property name="user.country" value="US"/>
    <property name="sun.java.launcher" value="SUN_STANDARD"/>
    <property name="sun.os.patch.level" value="unknown"/>
    <property name="java.vm.specification.name" value="Java Virtual Machine Specification"/>
    <property name="user.dir" value="/Users/rsandagon/english_central/mobile/mobile2.0/EnglishCentral"/>
    <property name="java.runtime.version" value="1.6.0_33-b03-424-11M3720"/>
    <property name="java.awt.graphicsenv" value="apple.awt.CGraphicsEnvironment"/>
    <property name="basedir" value="/Users/rsandagon/english_central/mobile/mobile2.0/EnglishCentral"/>
    <property name="java.endorsed.dirs" value="/System/Library/Java/JavaVirtualMachines/1.6.0.jdk/Contents/Home/lib/endorsed"/>
    <property name="os.arch" value="x86_64"/>
    <property name="surefire.real.class.path" value="/var/folders/v_/cslggxnx2l54xqqlf3fcrr3h0000gn/T/surefirebooter519614187781509185.jar"/>
    <property name="java.io.tmpdir" value="/var/folders/v_/cslggxnx2l54xqqlf3fcrr3h0000gn/T/"/>
    <property name="line.separator" value="
"/>
    <property name="java.vm.specification.vendor" value="Sun Microsystems Inc."/>
    <property name="os.name" value="Mac OS X"/>
    <property name="sun.jnu.encoding" value="MacRoman"/>
    <property name="java.library.path" value=".:/Library/Java/Extensions:/System/Library/Java/Extensions:/usr/lib/java"/>
    <property name="surefire.test.class.path" value="/Users/rsandagon/english_central/mobile/mobile2.0/EnglishCentral/target/test-classes:/Users/rsandagon/english_central/mobile/mobile2.0/EnglishCentral/target/classes:/Users/rsandagon/.m2/repository/ch/acra/acra/4.3.0/acra-4.3.0.jar:/Users/rsandagon/.m2/repository/com/pivotallabs/robolectric/1.1/robolectric-1.1.jar:/Users/rsandagon/.m2/repository/org/objenesis/objenesis/1.0/objenesis-1.0.jar:/Users/rsandagon/.m2/repository/org/xerial/sqlite-jdbc/3.7.2/sqlite-jdbc-3.7.2.jar:/Users/rsandagon/.m2/repository/org/javassist/javassist/3.14.0-GA/javassist-3.14.0-GA.jar:/Users/rsandagon/.m2/repository/commons-logging/commons-logging/1.1.1/commons-logging-1.1.1.jar:/Users/rsandagon/.m2/repository/commons-codec/commons-codec/1.3/commons-codec-1.3.jar:/Users/rsandagon/.m2/repository/org/apache/httpcomponents/httpclient/4.0.3/httpclient-4.0.3.jar:/Users/rsandagon/.m2/repository/org/apache/httpcomponents/httpcore/4.0.1/httpcore-4.0.1.jar:/Users/rsandagon/.m2/repository/com/google/android/support-v4/r6/support-v4-r6.jar:/Users/rsandagon/.m2/repository/org/hamcrest/hamcrest-core/1.2/hamcrest-core-1.2.jar:/Users/rsandagon/.m2/repository/junit/junit/4.8.2/junit-4.8.2.jar:/Users/rsandagon/.m2/repository/com/google/android/android/4.1.1.4/android-4.1.1.4.jar:/Users/rsandagon/.m2/repository/org/khronos/opengl-api/gl1.1-android-2.1_r1/opengl-api-gl1.1-android-2.1_r1.jar:/Users/rsandagon/.m2/repository/xerces/xmlParserAPIs/2.6.2/xmlParserAPIs-2.6.2.jar:/Users/rsandagon/.m2/repository/xpp3/xpp3/1.1.4c/xpp3-1.1.4c.jar:/Users/rsandagon/.m2/repository/org/json/json/20080701/json-20080701.jar:/Users/rsandagon/.m2/repository/com/googlecode/androidannotations/androidannotations/2.7/androidannotations-2.7.jar:/Users/rsandagon/.m2/repository/com/sun/codemodel/codemodel/2.4.1/codemodel-2.4.1.jar:/Users/rsandagon/.m2/repository/com/googlecode/androidannotations/androidannotations-api/2.7/androidannotations-api-2.7.jar:"/>
    <property name="java.specification.name" value="Java Platform API Specification"/>
    <property name="java.class.version" value="50.0"/>
    <property name="sun.management.compiler" value="HotSpot 64-Bit Tiered Compilers"/>
    <property name="os.version" value="10.7.4"/>
    <property name="http.nonProxyHosts" value="local|*.local|169.254/16|*.169.254/16"/>
    <property name="user.home" value="/Users/rsandagon"/>
    <property name="user.timezone" value=""/>
    <property name="java.awt.printerjob" value="apple.awt.CPrinterJob"/>
    <property name="java.specification.version" value="1.6"/>
    <property name="file.encoding" value="MacRoman"/>
    <property name="user.name" value="rsandagon"/>
    <property name="java.class.path" value="/Users/rsandagon/english_central/mobile/mobile2.0/EnglishCentral/target/test-classes:/Users/rsandagon/english_central/mobile/mobile2.0/EnglishCentral/target/classes:/Users/rsandagon/.m2/repository/ch/acra/acra/4.3.0/acra-4.3.0.jar:/Users/rsandagon/.m2/repository/com/pivotallabs/robolectric/1.1/robolectric-1.1.jar:/Users/rsandagon/.m2/repository/org/objenesis/objenesis/1.0/objenesis-1.0.jar:/Users/rsandagon/.m2/repository/org/xerial/sqlite-jdbc/3.7.2/sqlite-jdbc-3.7.2.jar:/Users/rsandagon/.m2/repository/org/javassist/javassist/3.14.0-GA/javassist-3.14.0-GA.jar:/Users/rsandagon/.m2/repository/commons-logging/commons-logging/1.1.1/commons-logging-1.1.1.jar:/Users/rsandagon/.m2/repository/commons-codec/commons-codec/1.3/commons-codec-1.3.jar:/Users/rsandagon/.m2/repository/org/apache/httpcomponents/httpclient/4.0.3/httpclient-4.0.3.jar:/Users/rsandagon/.m2/repository/org/apache/httpcomponents/httpcore/4.0.1/httpcore-4.0.1.jar:/Users/rsandagon/.m2/repository/com/google/android/support-v4/r6/support-v4-r6.jar:/Users/rsandagon/.m2/repository/org/hamcrest/hamcrest-core/1.2/hamcrest-core-1.2.jar:/Users/rsandagon/.m2/repository/junit/junit/4.8.2/junit-4.8.2.jar:/Users/rsandagon/.m2/repository/com/google/android/android/4.1.1.4/android-4.1.1.4.jar:/Users/rsandagon/.m2/repository/org/khronos/opengl-api/gl1.1-android-2.1_r1/opengl-api-gl1.1-android-2.1_r1.jar:/Users/rsandagon/.m2/repository/xerces/xmlParserAPIs/2.6.2/xmlParserAPIs-2.6.2.jar:/Users/rsandagon/.m2/repository/xpp3/xpp3/1.1.4c/xpp3-1.1.4c.jar:/Users/rsandagon/.m2/repository/org/json/json/20080701/json-20080701.jar:/Users/rsandagon/.m2/repository/com/googlecode/androidannotations/androidannotations/2.7/androidannotations-2.7.jar:/Users/rsandagon/.m2/repository/com/sun/codemodel/codemodel/2.4.1/codemodel-2.4.1.jar:/Users/rsandagon/.m2/repository/com/googlecode/androidannotations/androidannotations-api/2.7/androidannotations-api-2.7.jar:"/>
    <property name="java.vm.specification.version" value="1.0"/>
    <property name="sun.arch.data.model" value="64"/>
    <property name="java.home" value="/System/Library/Java/JavaVirtualMachines/1.6.0.jdk/Contents/Home"/>
    <property name="sun.java.command" value="/var/folders/v_/cslggxnx2l54xqqlf3fcrr3h0000gn/T/surefirebooter519614187781509185.jar /var/folders/v_/cslggxnx2l54xqqlf3fcrr3h0000gn/T/surefire8522279701385038859tmp /var/folders/v_/cslggxnx2l54xqqlf3fcrr3h0000gn/T/surefire7512525745374054469tmp"/>
    <property name="java.specification.vendor" value="Sun Microsystems Inc."/>
    <property name="user.language" value="en"/>
    <property name="awt.toolkit" value="apple.awt.CToolkit"/>
    <property name="java.vm.info" value="mixed mode"/>
    <property name="java.version" value="1.6.0_33"/>
    <property name="java.ext.dirs" value="/Library/Java/Extensions:/System/Library/Java/Extensions:/System/Library/Java/JavaVirtualMachines/1.6.0.jdk/Contents/Home/lib/ext"/>
    <property name="sun.boot.class.path" value="/System/Library/Java/JavaVirtualMachines/1.6.0.jdk/Contents/Classes/jsfd.jar:/System/Library/Java/JavaVirtualMachines/1.6.0.jdk/Contents/Classes/classes.jar:/System/Library/Frameworks/JavaVM.framework/Frameworks/JavaRuntimeSupport.framework/Resources/Java/JavaRuntimeSupport.jar:/System/Library/Java/JavaVirtualMachines/1.6.0.jdk/Contents/Classes/ui.jar:/System/Library/Java/JavaVirtualMachines/1.6.0.jdk/Contents/Classes/laf.jar:/System/Library/Java/JavaVirtualMachines/1.6.0.jdk/Contents/Classes/sunrsasign.jar:/System/Library/Java/JavaVirtualMachines/1.6.0.jdk/Contents/Classes/jsse.jar:/System/Library/Java/JavaVirtualMachines/1.6.0.jdk/Contents/Classes/jce.jar:/System/Library/Java/JavaVirtualMachines/1.6.0.jdk/Contents/Classes/charsets.jar"/>
    <property name="java.vendor" value="Apple Inc."/>
    <property name="localRepository" value="/Users/rsandagon/.m2/repository"/>
    <property name="file.separator" value="/"/>
    <property name="java.vendor.url.bug" value="http://bugreport.apple.com/"/>
    <property name="sun.cpu.endian" value="little"/>
    <property name="sun.io.unicode.encoding" value="UnicodeLittle"/>
    <property name="mrj.version" value="1070.1.6.0_33-424"/>
    <property name="socksNonProxyHosts" value="local|*.local|169.254/16|*.169.254/16"/>
    <property name="ftp.nonProxyHosts" value="local|*.local|169.254/16|*.169.254/16"/>
    <property name="sun.cpu.isalist" value=""/>
  </properties>
  <testcase time="4.791" classname="com.englishcentral.app.MainActivityTest" name="shouldHaveHappySmiles"/>
</testsuite>